Started on Sep 24, 2022, 3:43:34 PM
Using strategy: Default
[poll] Last Built Revision: Revision 243a0cbbf1aa9ad838b0c49eb4cf48cc6deb2e85 (refs/remotes/origin/master)
The recommended git tool is: git
No credentials specified
 > git --version # timeout=10
 > git --version # 'git version 1.8.3.1'
 > git ls-remote -h https://github.com/tabenjamin2000/jenkins-pipeline.git # timeout=10
Found 1 remote heads on https://github.com/tabenjamin2000/jenkins-pipeline.git
[poll] Latest remote head revision on refs/heads/master is: 243a0cbbf1aa9ad838b0c49eb4cf48cc6deb2e85 - already built by 51
Using strategy: Default
[poll] Last Built Revision: Revision 243a0cbbf1aa9ad838b0c49eb4cf48cc6deb2e85 (refs/remotes/origin/master)
The recommended git tool is: git
No credentials specified
 > git --version # timeout=10
 > git --version # 'git version 1.8.3.1'
 > git ls-remote -h https://github.com/tabenjamin2000/jenkins-pipeline.git # timeout=10
Found 1 remote heads on https://github.com/tabenjamin2000/jenkins-pipeline.git
[poll] Latest remote head revision on refs/heads/master is: 243a0cbbf1aa9ad838b0c49eb4cf48cc6deb2e85 - already built by 51
Done. Took 0.62 sec
No changes
